<?xml version="1.0" encoding="UTF-8"?>
<testsuite xmlns:xsi="http://www.w3.org/2001/XMLSchema-instance" xsi:noNamespaceSchemaLocation="https://maven.apache.org/surefire/maven-surefire-plugin/xsd/surefire-test-report-3.0.xsd" version="3.0" name="com.mkyong.MyResourceTest" time="2.924" tests="3" errors="0" skipped="0" failures="0">
  <properties>
[...]
</properties>
  <testcase name="testHello" classname="com.mkyong.MyResourceTest" time="0.665">
    <system-err><![CDATA[SLF4J: No SLF4J providers were found.
SLF4J: Defaulting to no-operation (NOP) logger implementation
SLF4J: See http://www.slf4j.org/codes.html#noProviders for further details.
Feb 28, 2025 4:41:34 PM org.glassfish.jersey.server.wadl.WadlFeature configure
WARNING: JAX-B API not found . WADL feature is disabled.
]]></system-err>
  </testcase>
  <testcase name="testHelloAll" classname="com.mkyong.MyResourceTest" time="0.144"/>
  <testcase name="testHelloName" classname="com.mkyong.MyResourceTest" time="0.012"/>
</testsuite>